<?xml version="1.0" encoding="UTF-8"?>
<!-- Generated by org.testng.reporters.JUnitReportReporter -->
<testsuite hostname="DESKTOP-593KBMN" name="com.mop.qa.testrunner.TestRunner" tests="1" failures="0" timestamp="5 Nov 2018 11:37:24 GMT" time="440.931" errors="0">
  <testcase name="testRun" time="440.931" classname="com.mop.qa.testrunner.TestRunner"/>
</testsuite> <!-- com.mop.qa.testrunner.TestRunner -->
