<?xml version="1.0" encoding="UTF-8"?>
<!-- Generated by org.testng.reporters.JUnitReportReporter -->
<testsuite hostname="CMTTeams-MacBook-Pro.local" name="com.mop.qa.test.bvt.Test_Google" tests="3" failures="0" timestamp="4 Oct 2018 12:04:50 GMT" time="99.395" errors="0">
  <testcase name="GoogleMultilingual_PC" time="33.260" classname="com.mop.qa.test.bvt.Test_Google"/>
  <testcase name="GoogleMultilingual_PC" time="32.529" classname="com.mop.qa.test.bvt.Test_Google"/>
  <testcase name="GoogleMultilingual_PC" time="33.606" classname="com.mop.qa.test.bvt.Test_Google"/>
</testsuite> <!-- com.mop.qa.test.bvt.Test_Google -->
