<?xml version="1.0" encoding="UTF-8"?>
<!-- Generated by org.testng.reporters.JUnitReportReporter -->
<testsuite hostname="PC281570" name="com.mop.qa.test.bvt.Test_CNN_Mobile" tests="1" failures="0" timestamp="11 May 2018 10:35:30 GMT" time="92.489" errors="0">
  <testcase name="VideoAuto_Mobile" time="92.489" classname="com.mop.qa.test.bvt.Test_CNN_Mobile"/>
</testsuite> <!-- com.mop.qa.test.bvt.Test_CNN_Mobile -->
