<?xml version="1.0" encoding="UTF-8"?>
<!-- Generated by org.testng.reporters.JUnitReportReporter -->
<testsuite hostname="DESKTOP-593KBMN" name="com.mop.qa.test.bvt.Test_MSOutlook_Mobile" tests="1" failures="0" timestamp="5 Nov 2018 11:37:24 GMT" time="412.919" errors="0">
  <testcase name="MSOutlook_Mobile" time="412.919" classname="com.mop.qa.test.bvt.Test_MSOutlook_Mobile"/>
</testsuite> <!-- com.mop.qa.test.bvt.Test_MSOutlook_Mobile -->
