<?xml version="1.0" encoding="UTF-8"?>
<!-- Generated by org.testng.reporters.JUnitReportReporter -->
<testsuite hostname="PC287453" name="com.mop.qa.test.bvt.Test_Huawei" tests="2" failures="0" timestamp="18 Sep 2018 11:53:58 GMT" time="116.603" errors="0">
  <testcase name="HuwaiMultilingual_PC" time="58.901" classname="com.mop.qa.test.bvt.Test_Huawei"/>
  <testcase name="HuwaiMultilingual_PC" time="57.702" classname="com.mop.qa.test.bvt.Test_Huawei"/>
</testsuite> <!-- com.mop.qa.test.bvt.Test_Huawei -->
