<?xml version="1.0" encoding="UTF-8"?>
<!-- Generated by org.testng.reporters.JUnitReportReporter -->
<testsuite hostname="PC287453" name="STBT_Roku.TestRun" tests="1" failures="0" timestamp="5 Jun 2018 08:49:13 GMT" time="2.974" errors="0">
  <testcase name="run" time="2.974" classname="STBT_Roku.TestRun"/>
</testsuite> <!-- STBT_Roku.TestRun -->
