<?xml version="1.0" encoding="UTF-8"?>
<!-- Generated by org.testng.reporters.JUnitReportReporter -->
<testsuite hostname="PC287453" name="com.mop.qa.test.bvt.Test_Huwai" tests="2" failures="0" timestamp="22 Jun 2018 14:12:47 GMT" time="251.770" errors="0">
  <testcase name="HuwaiMultilingual_PC" time="123.267" classname="com.mop.qa.test.bvt.Test_Huwai"/>
  <testcase name="HuwaiMultilingual_PC" time="128.503" classname="com.mop.qa.test.bvt.Test_Huwai"/>
</testsuite> <!-- com.mop.qa.test.bvt.Test_Huwai -->
