<?xml version="1.0" encoding="UTF-8"?>
<!-- Generated by org.testng.reporters.JUnitReportReporter -->
<testsuite hostname="PC281570" name="com.mop.qa.testrunner.TestRunner" tests="1" failures="0" timestamp="19 Feb 2018 13:36:35 GMT" time="48.444" errors="0">
  <testcase name="testRun" time="48.444" classname="com.mop.qa.testrunner.TestRunner"/>
</testsuite> <!-- com.mop.qa.testrunner.TestRunner -->
