<?xml version="1.0" encoding="UTF-8"?>
<!-- Generated by org.testng.reporters.JUnitReportReporter -->
<testsuite hostname="PC281570" name="com.mop.qa.test.bvt.Test_CNN_PC" tests="1" failures="0" timestamp="19 Feb 2018 13:36:35 GMT" time="3.005" errors="0">
  <testcase name="VideoAuto_PC" time="3.005" classname="com.mop.qa.test.bvt.Test_CNN_PC"/>
</testsuite> <!-- com.mop.qa.test.bvt.Test_CNN_PC -->
